{"/Users/timtaylor/Documents/meet/src/App.js": {"path":"/Users/timtaylor/Documents/meet/src/App.js","statementMap":{"0":{"start":{"line":11,"column":10},"end":{"line":14,"column":3}},"1":{"start":{"line":17,"column":4},"end":{"line":17,"column":24}},"2":{"start":{"line":18,"column":4},"end":{"line":22,"column":7}},"3":{"start":{"line":19,"column":6},"end":{"line":21,"column":7}},"4":{"start":{"line":20,"column":8},"end":{"line":20,"column":71}},"5":{"start":{"line":26,"column":4},"end":{"line":26,"column":25}},"6":{"start":{"line":29,"column":17},"end":{"line":37,"column":3}},"7":{"start":{"line":30,"column":4},"end":{"line":35,"column":7}},"8":{"start":{"line":31,"column":29},"end":{"line":31,"column":114}},"9":{"start":{"line":31,"column":86},"end":{"line":31,"column":113}},"10":{"start":{"line":32,"column":6},"end":{"line":34,"column":9}},"11":{"start":{"line":40,"column":4},"end":{"line":46,"column":6}}},"fnMap":{"0":{"name":"(anonymous_0)","decl":{"start":{"line":16,"column":2},"end":{"line":16,"column":3}},"loc":{"start":{"line":16,"column":22},"end":{"line":23,"column":3}},"line":16},"1":{"name":"(anonymous_1)","decl":{"start":{"line":18,"column":21},"end":{"line":18,"column":22}},"loc":{"start":{"line":18,"column":33},"end":{"line":22,"column":5}},"line":18},"2":{"name":"(anonymous_2)","decl":{"start":{"line":25,"column":2},"end":{"line":25,"column":3}},"loc":{"start":{"line":25,"column":25},"end":{"line":27,"column":3}},"line":25},"3":{"name":"(anonymous_3)","decl":{"start":{"line":29,"column":17},"end":{"line":29,"column":18}},"loc":{"start":{"line":29,"column":31},"end":{"line":37,"column":3}},"line":29},"4":{"name":"(anonymous_4)","decl":{"start":{"line":30,"column":21},"end":{"line":30,"column":22}},"loc":{"start":{"line":30,"column":33},"end":{"line":35,"column":5}},"line":30},"5":{"name":"(anonymous_5)","decl":{"start":{"line":31,"column":75},"end":{"line":31,"column":76}},"loc":{"start":{"line":31,"column":86},"end":{"line":31,"column":113}},"line":31},"6":{"name":"(anonymous_6)","decl":{"start":{"line":39,"column":2},"end":{"line":39,"column":3}},"loc":{"start":{"line":39,"column":11},"end":{"line":47,"column":3}},"line":39}},"branchMap":{"0":{"loc":{"start":{"line":19,"column":6},"end":{"line":21,"column":7}},"type":"if","locations":[{"start":{"line":19,"column":6},"end":{"line":21,"column":7}},{"start":{"line":19,"column":6},"end":{"line":21,"column":7}}],"line":19},"1":{"loc":{"start":{"line":31,"column":29},"end":{"line":31,"column":114}},"type":"cond-expr","locations":[{"start":{"line":31,"column":52},"end":{"line":31,"column":58}},{"start":{"line":31,"column":61},"end":{"line":31,"column":114}}],"line":31}},"s":{"0":5,"1":5,"2":5,"3":5,"4":3,"5":4,"6":5,"7":2,"8":2,"9":2,"10":2,"11":10},"f":{"0":5,"1":5,"2":4,"3":2,"4":2,"5":2,"6":10},"b":{"0":[3,2],"1":[1,1]},"_coverageSchema":"1a1c01bbd47fc00a2c39e90264f33305004495a9","hash":"f048234d844f87970465576d1c425995b7c0508d"}
,"/Users/timtaylor/Documents/meet/src/CitySearch.js": {"path":"/Users/timtaylor/Documents/meet/src/CitySearch.js","statementMap":{"0":{"start":{"line":4,"column":12},"end":{"line":8,"column":5}},"1":{"start":{"line":9,"column":25},"end":{"line":18,"column":5}},"2":{"start":{"line":10,"column":22},"end":{"line":10,"column":40}},"3":{"start":{"line":11,"column":28},"end":{"line":13,"column":10}},"4":{"start":{"line":12,"column":12},"end":{"line":12,"column":76}},"5":{"start":{"line":14,"column":8},"end":{"line":17,"column":11}},"6":{"start":{"line":20,"column":24},"end":{"line":27,"column":5}},"7":{"start":{"line":21,"column":8},"end":{"line":21,"column":44}},"8":{"start":{"line":22,"column":8},"end":{"line":25,"column":11}},"9":{"start":{"line":30,"column":8},"end":{"line":42,"column":10}},"10":{"start":{"line":32,"column":129},"end":{"line":32,"column":169}},"11":{"start":{"line":35,"column":24},"end":{"line":35,"column":114}},"12":{"start":{"line":35,"column":60},"end":{"line":35,"column":94}},"13":{"start":{"line":37,"column":39},"end":{"line":37,"column":68}}},"fnMap":{"0":{"name":"(anonymous_0)","decl":{"start":{"line":9,"column":25},"end":{"line":9,"column":26}},"loc":{"start":{"line":9,"column":36},"end":{"line":18,"column":5}},"line":9},"1":{"name":"(anonymous_1)","decl":{"start":{"line":11,"column":56},"end":{"line":11,"column":57}},"loc":{"start":{"line":11,"column":70},"end":{"line":13,"column":9}},"line":11},"2":{"name":"(anonymous_2)","decl":{"start":{"line":20,"column":24},"end":{"line":20,"column":25}},"loc":{"start":{"line":20,"column":40},"end":{"line":27,"column":5}},"line":20},"3":{"name":"(anonymous_3)","decl":{"start":{"line":29,"column":4},"end":{"line":29,"column":5}},"loc":{"start":{"line":29,"column":13},"end":{"line":43,"column":5}},"line":29},"4":{"name":"(anonymous_4)","decl":{"start":{"line":32,"column":121},"end":{"line":32,"column":122}},"loc":{"start":{"line":32,"column":127},"end":{"line":32,"column":171}},"line":32},"5":{"name":"(anonymous_5)","decl":{"start":{"line":34,"column":48},"end":{"line":34,"column":49}},"loc":{"start":{"line":35,"column":24},"end":{"line":35,"column":114}},"line":35},"6":{"name":"(anonymous_6)","decl":{"start":{"line":35,"column":54},"end":{"line":35,"column":55}},"loc":{"start":{"line":35,"column":60},"end":{"line":35,"column":94}},"line":35},"7":{"name":"(anonymous_7)","decl":{"start":{"line":37,"column":33},"end":{"line":37,"column":34}},"loc":{"start":{"line":37,"column":39},"end":{"line":37,"column":68}},"line":37}},"branchMap":{"0":{"loc":{"start":{"line":33,"column":51},"end":{"line":33,"column":104}},"type":"cond-expr","locations":[{"start":{"line":33,"column":80},"end":{"line":33,"column":82}},{"start":{"line":33,"column":85},"end":{"line":33,"column":104}}],"line":33}},"s":{"0":5,"1":5,"2":2,"3":2,"4":4,"5":2,"6":5,"7":4,"8":4,"9":22,"10":1,"11":17,"12":2,"13":1},"f":{"0":2,"1":4,"2":4,"3":22,"4":1,"5":17,"6":2,"7":1},"b":{"0":[1,21]},"_coverageSchema":"1a1c01bbd47fc00a2c39e90264f33305004495a9","hash":"17050e32b37728d88a1aec5544bd73158b9c6456"}
,"/Users/timtaylor/Documents/meet/src/EventList.js": {"path":"/Users/timtaylor/Documents/meet/src/EventList.js","statementMap":{"0":{"start":{"line":7,"column":27},"end":{"line":7,"column":37}},"1":{"start":{"line":8,"column":8},"end":{"line":16,"column":10}},"2":{"start":{"line":11,"column":20},"end":{"line":13,"column":25}}},"fnMap":{"0":{"name":"(anonymous_0)","decl":{"start":{"line":6,"column":4},"end":{"line":6,"column":5}},"loc":{"start":{"line":6,"column":13},"end":{"line":17,"column":5}},"line":6},"1":{"name":"(anonymous_1)","decl":{"start":{"line":10,"column":28},"end":{"line":10,"column":29}},"loc":{"start":{"line":11,"column":20},"end":{"line":13,"column":25}},"line":11}},"branchMap":{},"s":{"0":8,"1":8,"2":7},"f":{"0":8,"1":7},"b":{},"_coverageSchema":"1a1c01bbd47fc00a2c39e90264f33305004495a9","hash":"90fef0b22ccf88b173c73302e1e3a2d994398487"}
,"/Users/timtaylor/Documents/meet/src/NumberOfEvents.js": {"path":"/Users/timtaylor/Documents/meet/src/NumberOfEvents.js","statementMap":{"0":{"start":{"line":5,"column":12},"end":{"line":7,"column":5}},"1":{"start":{"line":9,"column":25},"end":{"line":14,"column":5}},"2":{"start":{"line":10,"column":22},"end":{"line":10,"column":40}},"3":{"start":{"line":11,"column":8},"end":{"line":13,"column":10}},"4":{"start":{"line":16,"column":8},"end":{"line":20,"column":9}}},"fnMap":{"0":{"name":"(anonymous_0)","decl":{"start":{"line":9,"column":25},"end":{"line":9,"column":26}},"loc":{"start":{"line":9,"column":36},"end":{"line":14,"column":5}},"line":9},"1":{"name":"(anonymous_1)","decl":{"start":{"line":15,"column":4},"end":{"line":15,"column":5}},"loc":{"start":{"line":15,"column":13},"end":{"line":21,"column":5}},"line":15}},"branchMap":{},"s":{"0":5,"1":5,"2":1,"3":1,"4":11},"f":{"0":1,"1":11},"b":{},"_coverageSchema":"1a1c01bbd47fc00a2c39e90264f33305004495a9","hash":"497937fdb0c979e1c429f5a9e6b2af3b1aedf1a8"}
,"/Users/timtaylor/Documents/meet/src/api.js": {"path":"/Users/timtaylor/Documents/meet/src/api.js","statementMap":{"0":{"start":{"line":3,"column":32},"end":{"line":7,"column":1}},"1":{"start":{"line":4,"column":27},"end":{"line":4,"column":64}},"2":{"start":{"line":4,"column":49},"end":{"line":4,"column":63}},"3":{"start":{"line":5,"column":20},"end":{"line":5,"column":50}},"4":{"start":{"line":6,"column":4},"end":{"line":6,"column":21}},"5":{"start":{"line":9,"column":25},"end":{"line":11,"column":1}},"6":{"start":{"line":10,"column":4},"end":{"line":10,"column":20}}},"fnMap":{"0":{"name":"(anonymous_0)","decl":{"start":{"line":3,"column":32},"end":{"line":3,"column":33}},"loc":{"start":{"line":3,"column":44},"end":{"line":7,"column":1}},"line":3},"1":{"name":"(anonymous_1)","decl":{"start":{"line":4,"column":38},"end":{"line":4,"column":39}},"loc":{"start":{"line":4,"column":49},"end":{"line":4,"column":63}},"line":4},"2":{"name":"(anonymous_2)","decl":{"start":{"line":9,"column":25},"end":{"line":9,"column":26}},"loc":{"start":{"line":9,"column":37},"end":{"line":11,"column":1}},"line":9}},"branchMap":{},"s":{"0":2,"1":6,"2":12,"3":6,"4":6,"5":2,"6":9},"f":{"0":6,"1":12,"2":9},"b":{},"_coverageSchema":"1a1c01bbd47fc00a2c39e90264f33305004495a9","hash":"f3dbb5706d76cfd74bdd77cc408d52db315ff723"}
,"/Users/timtaylor/Documents/meet/src/mock-data.js": {"path":"/Users/timtaylor/Documents/meet/src/mock-data.js","statementMap":{"0":{"start":{"line":1,"column":17},"end":{"line":80,"column":1}},"1":{"start":{"line":82,"column":18},"end":{"line":124,"column":1}}},"fnMap":{},"branchMap":{},"s":{"0":2,"1":2},"f":{},"b":{},"_coverageSchema":"1a1c01bbd47fc00a2c39e90264f33305004495a9","hash":"ce39cfa19d12696d9c206b2ee938ae82edd43a06"}
}
