TN:
SF:src/App.js
FN:16,(anonymous_0)
FN:18,(anonymous_1)
FN:25,(anonymous_2)
FN:29,(anonymous_3)
FN:30,(anonymous_4)
FN:31,(anonymous_5)
FN:39,(anonymous_6)
FNF:7
FNH:7
FNDA:5,(anonymous_0)
FNDA:5,(anonymous_1)
FNDA:4,(anonymous_2)
FNDA:2,(anonymous_3)
FNDA:2,(anonymous_4)
FNDA:2,(anonymous_5)
FNDA:10,(anonymous_6)
DA:11,5
DA:17,5
DA:18,5
DA:19,5
DA:20,3
DA:26,4
DA:29,5
DA:30,2
DA:31,2
DA:32,2
DA:40,10
LF:11
LH:11
BRDA:19,0,0,3
BRDA:19,0,1,2
BRDA:31,1,0,1
BRDA:31,1,1,1
BRF:4
BRH:4
end_of_record
TN:
SF:src/CitySearch.js
FN:9,(anonymous_0)
FN:11,(anonymous_1)
FN:20,(anonymous_2)
FN:29,(anonymous_3)
FN:32,(anonymous_4)
FN:34,(anonymous_5)
FN:35,(anonymous_6)
FN:37,(anonymous_7)
FNF:8
FNH:8
FNDA:2,(anonymous_0)
FNDA:4,(anonymous_1)
FNDA:4,(anonymous_2)
FNDA:22,(anonymous_3)
FNDA:1,(anonymous_4)
FNDA:17,(anonymous_5)
FNDA:2,(anonymous_6)
FNDA:1,(anonymous_7)
DA:4,5
DA:9,5
DA:10,2
DA:11,2
DA:12,4
DA:14,2
DA:20,5
DA:21,4
DA:22,4
DA:30,22
DA:32,1
DA:35,17
DA:37,1
LF:13
LH:13
BRDA:33,0,0,1
BRDA:33,0,1,21
BRF:2
BRH:2
end_of_record
TN:
SF:src/EventList.js
FN:6,(anonymous_0)
FN:10,(anonymous_1)
FNF:2
FNH:2
FNDA:8,(anonymous_0)
FNDA:7,(anonymous_1)
DA:7,8
DA:8,8
DA:11,7
LF:3
LH:3
BRF:0
BRH:0
end_of_record
TN:
SF:src/NumberOfEvents.js
FN:9,(anonymous_0)
FN:15,(anonymous_1)
FNF:2
FNH:2
FNDA:1,(anonymous_0)
FNDA:11,(anonymous_1)
DA:5,5
DA:9,5
DA:10,1
DA:11,1
DA:16,11
LF:5
LH:5
BRF:0
BRH:0
end_of_record
TN:
SF:src/api.js
FN:3,(anonymous_0)
FN:4,(anonymous_1)
FN:9,(anonymous_2)
FNF:3
FNH:3
FNDA:6,(anonymous_0)
FNDA:12,(anonymous_1)
FNDA:9,(anonymous_2)
DA:3,2
DA:4,12
DA:5,6
DA:6,6
DA:9,2
DA:10,9
LF:6
LH:6
BRF:0
BRH:0
end_of_record
TN:
SF:src/mock-data.js
FNF:0
FNH:0
DA:1,2
DA:82,2
LF:2
LH:2
BRF:0
BRH:0
end_of_record
